<?xml version="1.0" encoding="UTF-8"?>
<!-- Generated by org.testng.reporters.JUnitXMLReporter -->
<testsuite hostname="Jabeens-MacBook-Air-2.local" ignored="0" name="Surefire test" tests="4" failures="0" timestamp="16 Mar 2021 02:40:48 GMT" time="0.079" errors="0">
  <testcase name="@BeforeMethod beforeTest" time="0.0" classname="com.training.testcases.login.UserDropDownTest">
    <failure type="org.testng.TestNGException" message="
Parameter &amp;apos;BrowserName&amp;apos; is required by BeforeMethod on method beforeTest but has not been marked @Optional or defined
">
      <![CDATA[org.testng.TestNGException: 
Parameter 'BrowserName' is required by BeforeMethod on method beforeTest but has not been marked @Optional or defined

... Removed 29 stack frames]]>
    </failure>
  </testcase> <!-- @BeforeMethod beforeTest -->
  <testcase name="@AfterMethod afterSuite" time="0.0" classname="com.training.base.TrainingBaseTest">
    <skipped/>
  </testcase> <!-- @AfterMethod afterSuite -->
  <testcase name="@BeforeMethod beforeTest" time="0.0" classname="com.training.testcases.login.UserDropDownTest">
    <skipped/>
  </testcase> <!-- @BeforeMethod beforeTest -->
  <testcase name="@AfterMethod afterSuite" time="0.0" classname="com.training.base.TrainingBaseTest">
    <skipped/>
  </testcase> <!-- @AfterMethod afterSuite -->
  <testcase name="@BeforeMethod beforeTest" time="0.0" classname="com.training.testcases.login.LoginTest">
    <skipped/>
  </testcase> <!-- @BeforeMethod beforeTest -->
  <testcase name="@AfterMethod afterSuite" time="0.0" classname="com.training.base.TrainingBaseTest">
    <skipped/>
  </testcase> <!-- @AfterMethod afterSuite -->
  <testcase name="@BeforeMethod beforeTest" time="0.0" classname="com.training.testcases.login.LoginTest">
    <skipped/>
  </testcase> <!-- @BeforeMethod beforeTest -->
  <testcase name="@AfterMethod afterSuite" time="0.0" classname="com.training.base.TrainingBaseTest">
    <skipped/>
  </testcase> <!-- @AfterMethod afterSuite -->
  <testcase name="loginintosalesandsetup" time="0.011" classname="com.training.testcases.login.UserDropDownTest">
    <skipped/>
  </testcase> <!-- loginintosalesandsetup -->
  <testcase name="loginintosalesandvalidatePageTitle" time="0.0" classname="com.training.testcases.login.UserDropDownTest">
    <skipped/>
  </testcase> <!-- loginintosalesandvalidatePageTitle -->
  <testcase name="loginintosalesandsetup" time="0.001" classname="com.training.testcases.login.LoginTest">
    <skipped/>
  </testcase> <!-- loginintosalesandsetup -->
  <testcase name="loginintosalesandvalidatePageTitle" time="0.001" classname="com.training.testcases.login.LoginTest">
    <skipped/>
  </testcase> <!-- loginintosalesandvalidatePageTitle -->
</testsuite> <!-- Surefire test -->
