<!DOCTYPE html PUBLIC "-//W3C//DTD XHTML 1.1//EN" "http://www.w3.org/TR/xhtml11/DTD/xhtml11.dtd">
<html xmlns="http://www.w3.org/1999/xhtml"><head><title>TestNG Report</title><style type="text/css">table {margin-bottom:10px;border-collapse:collapse;empty-cells:show}th,td {border:1px solid #009;padding:.25em .5em}th {vertical-align:bottom}td {vertical-align:top}table a {font-weight:bold}.stripe td {background-color: #E6EBF9}.num {text-align:right}.passedodd td {background-color: #3F3}.passedeven td {background-color: #0A0}.skippedodd td {background-color: #DDD}.skippedeven td {background-color: #CCC}.failedodd td,.attn {background-color: #F33}.failedeven td,.stripe .attn {background-color: #D00}.stacktrace {white-space:pre;font-family:monospace}.totop {font-size:85%;text-align:center;border-bottom:2px solid #000}</style></head><body><table><tr><th>Test</th><th># Passed</th><th># Skipped</th><th># Failed</th><th>Time (ms)</th><th>Included Groups</th><th>Excluded Groups</th></tr><tr><th colspan="7">Surefire suite</th></tr><tr><td><a href="#t0">Surefire test</a></td><td class="num">0</td><td class="num attn">4</td><td class="num">0</td><td class="num">79</td><td></td><td></td></tr></table><table><thead><tr><th>Class</th><th>Method</th><th>Start</th><th>Time (ms)</th></tr></thead><tbody><tr><th colspan="4">Surefire suite</th></tr></tbody><tbody id="t0"><tr><th colspan="4">Surefire test &#8212; failed (configuration methods)</th></tr><tr class="failedeven"><td rowspan="1">com.training.testcases.login.UserDropDownTest</td><td><a href="#m0">beforeTest</a></td><td rowspan="1">1615862448619</td><td rowspan="1">0</td></tr><tr><th colspan="4">Surefire test &#8212; skipped (configuration methods)</th></tr><tr class="skippedeven"><td rowspan="4">com.training.testcases.login.LoginTest</td><td><a href="#m1">afterSuite</a></td><td rowspan="2">1615862448660</td><td rowspan="2">0</td></tr><tr class="skippedeven"><td><a href="#m2">afterSuite</a></td></tr><tr class="skippedeven"><td><a href="#m3">beforeTest</a></td><td rowspan="2">1615862448665</td><td rowspan="2">0</td></tr><tr class="skippedeven"><td><a href="#m4">beforeTest</a></td></tr><tr class="skippedodd"><td rowspan="3">com.training.testcases.login.UserDropDownTest</td><td><a href="#m5">afterSuite</a></td><td rowspan="2">1615862448655</td><td rowspan="2">0</td></tr><tr class="skippedodd"><td><a href="#m6">afterSuite</a></td></tr><tr class="skippedodd"><td><a href="#m7">beforeTest</a></td><td rowspan="1">1615862448653</td><td rowspan="1">0</td></tr><tr><th colspan="4">Surefire test &#8212; skipped</th></tr><tr class="skippedeven"><td rowspan="2">com.training.testcases.login.LoginTest</td><td><a href="#m8">loginintosalesandsetup</a></td><td rowspan="1">1615862448659</td><td rowspan="1">1</td></tr><tr class="skippedeven"><td><a href="#m9">loginintosalesandvalidatePageTitle</a></td><td rowspan="1">1615862448665</td><td rowspan="1">1</td></tr><tr class="skippedodd"><td rowspan="2">com.training.testcases.login.UserDropDownTest</td><td><a href="#m10">loginintosalesandsetup</a></td><td rowspan="1">1615862448637</td><td rowspan="1">11</td></tr><tr class="skippedodd"><td><a href="#m11">loginintosalesandvalidatePageTitle</a></td><td rowspan="1">1615862448654</td><td rowspan="1">0</td></tr></tbody></table><h2>Surefire test</h2><h3 id="m0">com.training.testcases.login.UserDropDownTest#beforeTest</h3><table class="result"><tr><th>Exception</th></tr><tr><td><div class="stacktrace">org.testng.TestNGException: 
Parameter &apos;BrowserName&apos; is required by BeforeMethod on method beforeTest but has not been marked @Optional or defined

... Removed 29 stack frames</div></td></tr></table><p class="totop"><a href="#summary">back to summary</a></p><h3 id="m1">com.training.testcases.login.LoginTest#afterSuite</h3><table class="result"></table><p class="totop"><a href="#summary">back to summary</a></p><h3 id="m2">com.training.testcases.login.LoginTest#afterSuite</h3><table class="result"></table><p class="totop"><a href="#summary">back to summary</a></p><h3 id="m3">com.training.testcases.login.LoginTest#beforeTest</h3><table class="result"></table><p class="totop"><a href="#summary">back to summary</a></p><h3 id="m4">com.training.testcases.login.LoginTest#beforeTest</h3><table class="result"></table><p class="totop"><a href="#summary">back to summary</a></p><h3 id="m5">com.training.testcases.login.UserDropDownTest#afterSuite</h3><table class="result"></table><p class="totop"><a href="#summary">back to summary</a></p><h3 id="m6">com.training.testcases.login.UserDropDownTest#afterSuite</h3><table class="result"></table><p class="totop"><a href="#summary">back to summary</a></p><h3 id="m7">com.training.testcases.login.UserDropDownTest#beforeTest</h3><table class="result"></table><p class="totop"><a href="#summary">back to summary</a></p><h3 id="m8">com.training.testcases.login.LoginTest#loginintosalesandsetup</h3><table class="result"><tr><th>Exception</th></tr><tr><td><div class="stacktrace">org.testng.TestNGException: 
Parameter &apos;BrowserName&apos; is required by BeforeMethod on method beforeTest but has not been marked @Optional or defined

... Removed 29 stack frames</div></td></tr></table><p class="totop"><a href="#summary">back to summary</a></p><h3 id="m9">com.training.testcases.login.LoginTest#loginintosalesandvalidatePageTitle</h3><table class="result"><tr><th>Exception</th></tr><tr><td><div class="stacktrace">org.testng.TestNGException: 
Parameter &apos;BrowserName&apos; is required by BeforeMethod on method beforeTest but has not been marked @Optional or defined

... Removed 29 stack frames</div></td></tr></table><p class="totop"><a href="#summary">back to summary</a></p><h3 id="m10">com.training.testcases.login.UserDropDownTest#loginintosalesandsetup</h3><table class="result"><tr><th>Exception</th></tr><tr><td><div class="stacktrace">org.testng.TestNGException: 
Parameter &apos;BrowserName&apos; is required by BeforeMethod on method beforeTest but has not been marked @Optional or defined

... Removed 29 stack frames</div></td></tr></table><p class="totop"><a href="#summary">back to summary</a></p><h3 id="m11">com.training.testcases.login.UserDropDownTest#loginintosalesandvalidatePageTitle</h3><table class="result"><tr><th>Exception</th></tr><tr><td><div class="stacktrace">org.testng.TestNGException: 
Parameter &apos;BrowserName&apos; is required by BeforeMethod on method beforeTest but has not been marked @Optional or defined

... Removed 29 stack frames</div></td></tr></table><p class="totop"><a href="#summary">back to summary</a></p></body></html>