<?xml version="1.0" encoding="UTF-8"?>
<!-- Generated by org.testng.reporters.JUnitXMLReporter -->
<testsuite ignored="1" hostname="Jabeens-MacBook-Air.local" failures="1" tests="4" name="SaleforceTests" time="39.993" errors="0" timestamp="23 Mar 2021 18:08:34 GMT">
  <testcase classname="com.salesforce.testcases.LoginTest" name="tc01_validateErrorLoginScreen" time="1.222"/>
  <testcase classname="com.salesforce.testcases.LoginTest" name="tc02_loginintosalesandvalidatePageTitle" time="4.763">
    <failure type="java.lang.AssertionError" message="expected [Home Page ~ Salesforce - Developer Edition] but found []">
      <![CDATA[java.lang.AssertionError: expected [Home Page ~ Salesforce - Developer Edition] but found []
	at com.training.base.TrainingBasePage.verifyTitle(TrainingBasePage.java:72)
	at com.salesforce.testcases.LoginTest.tc02_loginintosalesandvalidatePageTitle(LoginTest.java:70)
... Removed 31 stack frames]]>
    </failure>
  </testcase> <!-- tc02_loginintosalesandvalidatePageTitle -->
  <testcase classname="com.salesforce.testcases.LoginTest" name="tc04_forgotPassError" time="5.75"/>
  <testcase classname="com.salesforce.testcases.LoginTest" name="loginintosalesandsetup" time="10.351"/>
  <testcase classname="com.salesforce.testcases.LoginTest" name="tc03_validateRememberMe" time="0.0">
    <ignored/>
  </testcase> <!-- tc03_validateRememberMe -->
</testsuite> <!-- SaleforceTests -->
