<?xml version="1.0" encoding="UTF-8"?>
<testng-results ignored="1" total="5" passed="3" failed="1" skipped="0">
  <reporter-output>
  </reporter-output>
  <suite started-at="2021-03-23T18:07:54Z" name="Regression Suite" finished-at="2021-03-23T18:08:34Z" duration-ms="39993">
    <groups>
    </groups>
    <test started-at="2021-03-23T18:07:54Z" name="SaleforceTests" finished-at="2021-03-23T18:08:34Z" duration-ms="39993">
      <class name="com.salesforce.testcases.LoginTest">
        <test-method is-config="true" signature="beforeTest(java.lang.String)[pri:0, instance:com.salesforce.testcases.LoginTest@61322f9d]" started-at="2021-03-23T11:07:54Z" name="beforeTest" finished-at="2021-03-23T11:08:00Z" duration-ms="6013" status="PASS">
          <params>
            <param index="0">
              <value>
                <![CDATA[chrome]]>
              </value>
            </param>
          </params>
          <reporter-output>
          </reporter-output>
        </test-method> <!-- beforeTest -->
        <test-method signature="tc01_validateErrorLoginScreen()[pri:1, instance:com.salesforce.testcases.LoginTest@61322f9d]" started-at="2021-03-23T11:08:00Z" name="tc01_validateErrorLoginScreen" finished-at="2021-03-23T11:08:01Z" duration-ms="1222" status="PASS">
          <reporter-output>
          </reporter-output>
        </test-method> <!-- tc01_validateErrorLoginScreen -->
        <test-method is-config="true" signature="afterSuite()[pri:0, instance:com.salesforce.testcases.LoginTest@61322f9d]" started-at="2021-03-23T11:08:01Z" name="afterSuite" finished-at="2021-03-23T11:08:01Z" duration-ms="120" status="PASS">
          <reporter-output>
          </reporter-output>
        </test-method> <!-- afterSuite -->
        <test-method is-config="true" signature="beforeTest(java.lang.String)[pri:0, instance:com.salesforce.testcases.LoginTest@61322f9d]" started-at="2021-03-23T11:08:01Z" name="beforeTest" finished-at="2021-03-23T11:08:05Z" duration-ms="3547" status="PASS">
          <params>
            <param index="0">
              <value>
                <![CDATA[chrome]]>
              </value>
            </param>
          </params>
          <reporter-output>
          </reporter-output>
        </test-method> <!-- beforeTest -->
        <test-method signature="tc02_loginintosalesandvalidatePageTitle()[pri:2, instance:com.salesforce.testcases.LoginTest@61322f9d]" started-at="2021-03-23T11:08:05Z" name="tc02_loginintosalesandvalidatePageTitle" finished-at="2021-03-23T11:08:10Z" duration-ms="4763" status="FAIL">
          <exception class="java.lang.AssertionError">
            <message>
              <![CDATA[expected [Home Page ~ Salesforce - Developer Edition] but found []]]>
            </message>
            <full-stacktrace>
              <![CDATA[java.lang.AssertionError: expected [Home Page ~ Salesforce - Developer Edition] but found []
	at org.testng.Assert.fail(Assert.java:94)
	at org.testng.Assert.failNotEquals(Assert.java:513)
	at org.testng.Assert.assertEqualsImpl(Assert.java:135)
	at org.testng.Assert.assertEquals(Assert.java:116)
	at org.testng.Assert.assertEquals(Assert.java:190)
	at org.testng.Assert.assertEquals(Assert.java:200)
	at com.training.base.TrainingBasePage.verifyTitle(TrainingBasePage.java:72)
	at com.salesforce.testcases.LoginTest.tc02_loginintosalesandvalidatePageTitle(LoginTest.java:70)
	at java.base/jdk.internal.reflect.NativeMethodAccessorImpl.invoke0(Native Method)
	at java.base/jdk.internal.reflect.NativeMethodAccessorImpl.invoke(NativeMethodAccessorImpl.java:64)
	at java.base/jdk.internal.reflect.DelegatingMethodAccessorImpl.invoke(DelegatingMethodAccessorImpl.java:43)
	at java.base/java.lang.reflect.Method.invoke(Method.java:564)
	at org.testng.internal.MethodInvocationHelper.invokeMethod(MethodInvocationHelper.java:104)
	at org.testng.internal.Invoker.invokeMethod(Invoker.java:645)
	at org.testng.internal.Invoker.invokeTestMethod(Invoker.java:851)
	at org.testng.internal.Invoker.invokeTestMethods(Invoker.java:1177)
	at org.testng.internal.TestMethodWorker.invokeTestMethods(TestMethodWorker.java:129)
	at org.testng.internal.TestMethodWorker.run(TestMethodWorker.java:112)
	at org.testng.TestRunner.privateRun(TestRunner.java:756)
	at org.testng.TestRunner.run(TestRunner.java:610)
	at org.testng.SuiteRunner.runTest(SuiteRunner.java:387)
	at org.testng.SuiteRunner.runSequentially(SuiteRunner.java:382)
	at org.testng.SuiteRunner.privateRun(SuiteRunner.java:340)
	at org.testng.SuiteRunner.run(SuiteRunner.java:289)
	at org.testng.SuiteRunnerWorker.runSuite(SuiteRunnerWorker.java:52)
	at org.testng.SuiteRunnerWorker.run(SuiteRunnerWorker.java:86)
	at org.testng.TestNG.runSuitesSequentially(TestNG.java:1293)
	at org.testng.TestNG.runSuitesLocally(TestNG.java:1218)
	at org.testng.TestNG.runSuites(TestNG.java:1133)
	at org.testng.TestNG.run(TestNG.java:1104)
	at org.testng.remote.AbstractRemoteTestNG.run(AbstractRemoteTestNG.java:115)
	at org.testng.remote.RemoteTestNG.initAndRun(RemoteTestNG.java:251)
	at org.testng.remote.RemoteTestNG.main(RemoteTestNG.java:77)
]]>
            </full-stacktrace>
          </exception> <!-- java.lang.AssertionError -->
          <reporter-output>
          </reporter-output>
        </test-method> <!-- tc02_loginintosalesandvalidatePageTitle -->
        <test-method is-config="true" signature="afterSuite()[pri:0, instance:com.salesforce.testcases.LoginTest@61322f9d]" started-at="2021-03-23T11:08:10Z" name="afterSuite" finished-at="2021-03-23T11:08:10Z" duration-ms="139" status="PASS">
          <reporter-output>
          </reporter-output>
        </test-method> <!-- afterSuite -->
        <test-method is-config="true" signature="beforeTest(java.lang.String)[pri:0, instance:com.salesforce.testcases.LoginTest@61322f9d]" started-at="2021-03-23T11:08:10Z" name="beforeTest" finished-at="2021-03-23T11:08:14Z" duration-ms="4050" status="PASS">
          <params>
            <param index="0">
              <value>
                <![CDATA[chrome]]>
              </value>
            </param>
          </params>
          <reporter-output>
          </reporter-output>
        </test-method> <!-- beforeTest -->
        <test-method signature="tc04_forgotPassError()[pri:4, instance:com.salesforce.testcases.LoginTest@61322f9d]" started-at="2021-03-23T11:08:14Z" name="tc04_forgotPassError" finished-at="2021-03-23T11:08:20Z" duration-ms="5750" status="PASS">
          <reporter-output>
          </reporter-output>
        </test-method> <!-- tc04_forgotPassError -->
        <test-method is-config="true" signature="afterSuite()[pri:0, instance:com.salesforce.testcases.LoginTest@61322f9d]" started-at="2021-03-23T11:08:20Z" name="afterSuite" finished-at="2021-03-23T11:08:20Z" duration-ms="139" status="PASS">
          <reporter-output>
          </reporter-output>
        </test-method> <!-- afterSuite -->
        <test-method is-config="true" signature="beforeTest(java.lang.String)[pri:0, instance:com.salesforce.testcases.LoginTest@61322f9d]" started-at="2021-03-23T11:08:20Z" name="beforeTest" finished-at="2021-03-23T11:08:23Z" duration-ms="3611" status="PASS">
          <params>
            <param index="0">
              <value>
                <![CDATA[chrome]]>
              </value>
            </param>
          </params>
          <reporter-output>
          </reporter-output>
        </test-method> <!-- beforeTest -->
        <test-method signature="loginintosalesandsetup()[pri:5, instance:com.salesforce.testcases.LoginTest@61322f9d]" started-at="2021-03-23T11:08:23Z" name="loginintosalesandsetup" finished-at="2021-03-23T11:08:34Z" duration-ms="10351" status="PASS">
          <reporter-output>
          </reporter-output>
        </test-method> <!-- loginintosalesandsetup -->
        <test-method is-config="true" signature="afterSuite()[pri:0, instance:com.salesforce.testcases.LoginTest@61322f9d]" started-at="2021-03-23T11:08:34Z" name="afterSuite" finished-at="2021-03-23T11:08:34Z" duration-ms="259" status="PASS">
          <reporter-output>
          </reporter-output>
        </test-method> <!-- afterSuite -->
      </class> <!-- com.salesforce.testcases.LoginTest -->
    </test> <!-- SaleforceTests -->
  </suite> <!-- Regression Suite -->
</testng-results>
